<?xml version="1.0" encoding="UTF-8"?>
<testng-results ignored="0" total="1" passed="0" failed="1" skipped="0">
  <reporter-output>
  </reporter-output>
  <suite started-at="2021-08-29T15:49:45 IST" name="Default suite" finished-at="2021-08-29T15:51:11 IST" duration-ms="86386">
    <groups>
    </groups>
    <test started-at="2021-08-29T15:49:45 IST" name="Default test" finished-at="2021-08-29T15:51:11 IST" duration-ms="86386">
      <class name="testcase.Assessment1">
        <test-method is-config="true" signature="setFileName()[pri:0, instance:testcase.Assessment1@73a1e9a9]" started-at="2021-08-29T15:49:45 IST" name="setFileName" finished-at="2021-08-29T15:49:45 IST" duration-ms="16" status="PASS">
          <reporter-output>
          </reporter-output>
        </test-method> <!-- setFileName -->
        <test-method is-config="true" signature="preCondition()[pri:0, instance:testcase.Assessment1@73a1e9a9]" started-at="2021-08-29T15:49:46 IST" name="preCondition" finished-at="2021-08-29T15:49:53 IST" duration-ms="7014" status="PASS">
          <reporter-output>
          </reporter-output>
        </test-method> <!-- preCondition -->
        <test-method signature="createAssessment(java.lang.String,java.lang.String,java.lang.String)[pri:0, instance:testcase.Assessment1@73a1e9a9]" started-at="2021-08-29T15:49:53 IST" name="createAssessment" data-provider="fetchData" finished-at="2021-08-29T15:51:11 IST" duration-ms="77611" status="FAIL">
          <params>
            <param index="0">
              <value>
                <![CDATA[Call/Email/Meeting]]>
              </value>
            </param>
            <param index="1">
              <value>
                <![CDATA[makaia@testleaf.com]]>
              </value>
            </param>
            <param index="2">
              <value>
                <![CDATA[SelBootcamp$123]]>
              </value>
            </param>
          </params>
          <exception class="java.lang.NullPointerException">
            <message>
              <![CDATA[Cannot invoke "org.openqa.selenium.chrome.ChromeDriver.getWindowHandles()" because "this.driver" is null]]>
            </message>
            <full-stacktrace>
              <![CDATA[java.lang.NullPointerException: Cannot invoke "org.openqa.selenium.chrome.ChromeDriver.getWindowHandles()" because "this.driver" is null
at pages.AttachFile.<init>(AttachFile.java:18)
at pages.EventPage.clickAttachFile(EventPage.java:43)
at testcase.Assessment1.createAssessment(Assessment1.java:18)
at java.base/jdk.internal.reflect.NativeMethodAccessorImpl.invoke0(Native Method)
at java.base/jdk.internal.reflect.NativeMethodAccessorImpl.invoke(NativeMethodAccessorImpl.java:78)
at java.base/jdk.internal.reflect.DelegatingMethodAccessorImpl.invoke(DelegatingMethodAccessorImpl.java:43)
at java.base/java.lang.reflect.Method.invoke(Method.java:567)
at org.testng.internal.MethodInvocationHelper.invokeMethod(MethodInvocationHelper.java:133)
at org.testng.internal.TestInvoker.invokeMethod(TestInvoker.java:598)
at org.testng.internal.TestInvoker.invokeTestMethod(TestInvoker.java:173)
at org.testng.internal.MethodRunner.runInSequence(MethodRunner.java:46)
at org.testng.internal.TestInvoker$MethodInvocationAgent.invoke(TestInvoker.java:824)
at org.testng.internal.TestInvoker.invokeTestMethods(TestInvoker.java:146)
at org.testng.internal.TestMethodWorker.invokeTestMethods(TestMethodWorker.java:146)
at org.testng.internal.TestMethodWorker.run(TestMethodWorker.java:128)
at java.base/java.util.ArrayList.forEach(ArrayList.java:1511)
at org.testng.TestRunner.privateRun(TestRunner.java:794)
at org.testng.TestRunner.run(TestRunner.java:596)
at org.testng.SuiteRunner.runTest(SuiteRunner.java:377)
at org.testng.SuiteRunner.runSequentially(SuiteRunner.java:371)
at org.testng.SuiteRunner.privateRun(SuiteRunner.java:332)
at org.testng.SuiteRunner.run(SuiteRunner.java:276)
at org.testng.SuiteRunnerWorker.runSuite(SuiteRunnerWorker.java:53)
at org.testng.SuiteRunnerWorker.run(SuiteRunnerWorker.java:96)
at org.testng.TestNG.runSuitesSequentially(TestNG.java:1212)
at org.testng.TestNG.runSuitesLocally(TestNG.java:1134)
at org.testng.TestNG.runSuites(TestNG.java:1063)
at org.testng.TestNG.run(TestNG.java:1031)
at org.testng.remote.AbstractRemoteTestNG.run(AbstractRemoteTestNG.java:115)
at org.testng.remote.RemoteTestNG.initAndRun(RemoteTestNG.java:251)
at org.testng.remote.RemoteTestNG.main(RemoteTestNG.java:77)
]]>
            </full-stacktrace>
          </exception> <!-- java.lang.NullPointerException -->
          <reporter-output>
          </reporter-output>
        </test-method> <!-- createAssessment -->
        <test-method is-config="true" signature="postCondition()[pri:0, instance:testcase.Assessment1@73a1e9a9]" started-at="2021-08-29T15:51:11 IST" name="postCondition" finished-at="2021-08-29T15:51:11 IST" duration-ms="376" status="PASS">
          <reporter-output>
          </reporter-output>
        </test-method> <!-- postCondition -->
      </class> <!-- testcase.Assessment1 -->
    </test> <!-- Default test -->
  </suite> <!-- Default suite -->
</testng-results>
