<?xml version="1.0" encoding="UTF-8"?>
<!-- Generated by org.testng.reporters.JUnitXMLReporter -->
<testsuite ignored="0" hostname="LAPTOP-F7URK354" failures="1" tests="3" name="Test" time="50.179" errors="0" timestamp="2021-08-22T14:44:05 IST">
  <testcase classname="testcase.CreateOpportunity" name="createOpportunity" time="21.126">
    <failure type="java.lang.Error" message="Unresolved compilation problem: 
	The constructor HomePage() is undefined
">
      <![CDATA[java.lang.Error: Unresolved compilation problem: 
The constructor HomePage() is undefined

at pages.AppLauncherPage.clickSales(AppLauncherPage.java:22)
at testcase.CreateOpportunity.createOpportunity(CreateOpportunity.java:17)
at java.base/jdk.internal.reflect.NativeMethodAccessorImpl.invoke0(Native Method)
at java.base/jdk.internal.reflect.NativeMethodAccessorImpl.invoke(NativeMethodAccessorImpl.java:78)
at java.base/jdk.internal.reflect.DelegatingMethodAccessorImpl.invoke(DelegatingMethodAccessorImpl.java:43)
at java.base/java.lang.reflect.Method.invoke(Method.java:567)
at org.testng.internal.MethodInvocationHelper.invokeMethod(MethodInvocationHelper.java:133)
at org.testng.internal.TestInvoker.invokeMethod(TestInvoker.java:598)
at org.testng.internal.TestInvoker.invokeTestMethod(TestInvoker.java:173)
at org.testng.internal.MethodRunner.runInSequence(MethodRunner.java:46)
at org.testng.internal.TestInvoker$MethodInvocationAgent.invoke(TestInvoker.java:824)
at org.testng.internal.TestInvoker.invokeTestMethods(TestInvoker.java:146)
at org.testng.internal.TestMethodWorker.invokeTestMethods(TestMethodWorker.java:146)
at org.testng.internal.TestMethodWorker.run(TestMethodWorker.java:128)
at java.base/java.util.concurrent.ThreadPoolExecutor.runWorker(ThreadPoolExecutor.java:1130)
at java.base/java.util.concurrent.ThreadPoolExecutor$Worker.run(ThreadPoolExecutor.java:630)
at java.base/java.lang.Thread.run(Thread.java:831)
]]>
    </failure>
  </testcase> <!-- createOpportunity -->
  <testcase classname="testcase.CreateAccounts" name="createAccounts" time="38.791"/>
  <testcase classname="testcase.DeleteAccount" name="deleteAccount" time="42.504"/>
</testsuite> <!-- Test -->
