<?xml version="1.0" encoding="UTF-8"?>
<!-- Generated by org.testng.reporters.JUnitXMLReporter -->
<testsuite ignored="0" hostname="LAPTOP-F7URK354" failures="0" tests="8" name="Test" time="194.372" errors="0" timestamp="2021-08-15T19:41:35 IST">
  <testcase classname="week2.vennila_scripts.EditContacts" name="editontacts" time="82.822"/>
  <testcase classname="week2.vennila_scripts.LegalEntitiesSortByLastModifiedDate" name="leagEntitiesSortByLastMOdifiedDate" time="82.732"/>
  <testcase classname="week2.vennila_scripts.CustomerServiceOptions" name="customerServiceOptions" time="86.926"/>
  <testcase classname="week2.vennila_scripts.ServicesSortOrder" name="servicesSortOrder" time="92.279"/>
  <testcase classname="week2.vennila_scripts.CreateWorkTypeDebugScript" name="createWorkTypeDebugScript" time="37.596"/>
  <testcase classname="week2.vennila_scripts.CertificationsSortOrder" name="CertificationSortOrder" time="124.19"/>
  <testcase classname="week1.venniala_scripts.CreateAccounts" name="createAccount" time="40.92"/>
  <testcase classname="week2.vennila_scripts.AdministratorCertifications" name="administratorCertifications" time="49.729"/>
</testsuite> <!-- Test -->
