<?xml version="1.0" encoding="UTF-8"?>
<testng-results ignored="0" total="1" passed="1" failed="0" skipped="0">
  <reporter-output>
  </reporter-output>
  <suite started-at="2021-08-24T07:17:43 IST" name="Default suite" finished-at="2021-08-24T07:18:44 IST" duration-ms="60425">
    <groups>
    </groups>
    <test started-at="2021-08-24T07:17:43 IST" name="Default test" finished-at="2021-08-24T07:18:44 IST" duration-ms="60425">
      <class name="week1.venniala_scripts.EditAccounts">
        <test-method is-config="true" signature="setFileName()[pri:0, instance:week1.venniala_scripts.EditAccounts@73a1e9a9]" started-at="2021-08-24T07:17:43 IST" name="setFileName" finished-at="2021-08-24T07:17:43 IST" duration-ms="13" status="PASS">
          <reporter-output>
          </reporter-output>
        </test-method> <!-- setFileName -->
        <test-method is-config="true" signature="preCondition()[pri:0, instance:week1.venniala_scripts.EditAccounts@73a1e9a9]" started-at="2021-08-24T07:17:44 IST" name="preCondition" finished-at="2021-08-24T07:17:50 IST" duration-ms="5937" status="PASS">
          <reporter-output>
          </reporter-output>
        </test-method> <!-- preCondition -->
        <test-method signature="editAccounts(java.lang.String,java.lang.String)[pri:0, instance:week1.venniala_scripts.EditAccounts@73a1e9a9]" started-at="2021-08-24T07:17:50 IST" name="editAccounts" data-provider="fetchData" finished-at="2021-08-24T07:18:40 IST" duration-ms="49229" status="PASS">
          <params>
            <param index="0">
              <value>
                <![CDATA[makaia@testleaf.com]]>
              </value>
            </param>
            <param index="1">
              <value>
                <![CDATA[SelBootcamp$123]]>
              </value>
            </param>
          </params>
          <reporter-output>
          </reporter-output>
        </test-method> <!-- editAccounts -->
        <test-method is-config="true" signature="postConditio()[pri:0, instance:week1.venniala_scripts.EditAccounts@73a1e9a9]" started-at="2021-08-24T07:18:40 IST" name="postConditio" finished-at="2021-08-24T07:18:44 IST" duration-ms="4157" status="PASS">
          <reporter-output>
          </reporter-output>
        </test-method> <!-- postConditio -->
      </class> <!-- week1.venniala_scripts.EditAccounts -->
    </test> <!-- Default test -->
  </suite> <!-- Default suite -->
</testng-results>
